{
"/Users/geatz/Documents/development/yesno/angular1.6.1/app/view1/view1.js":{"path":"/Users/geatz/Documents/development/yesno/angular1.6.1/app/view1/view1.js","s":{"1":1,"2":1,"3":1},"b":{},"f":{"1":1},"fnMap":{"1":{"name":"(anonymous_1)","line":5,"loc":{"start":{"line":5,"column":36},"end":{"line":5,"column":53}}}},"statementMap":{"1":{"start":{"line":3,"column":0},"end":{"line":8,"column":4}},"2":{"start":{"line":6,"column":2},"end":{"line":6,"column":36}},"3":{"start":{"line":7,"column":2},"end":{"line":7,"column":30}}},"branchMap":{},"l":{"3":1,"6":1,"7":1}},
"/Users/geatz/Documents/development/yesno/angular1.6.1/app/view1/view1_test.js":{"path":"/Users/geatz/Documents/development/yesno/angular1.6.1/app/view1/view1_test.js","s":{"1":1,"2":1,"3":1,"4":1,"5":1,"6":1,"7":1,"8":1,"9":1,"10":1,"11":1},"b":{},"f":{"1":1,"2":1,"3":1,"4":1},"fnMap":{"1":{"name":"(anonymous_1)","line":3,"loc":{"start":{"line":3,"column":32},"end":{"line":3,"column":43}}},"2":{"name":"(anonymous_2)","line":7,"loc":{"start":{"line":7,"column":36},"end":{"line":7,"column":46}}},"3":{"name":"(anonymous_3)","line":11,"loc":{"start":{"line":11,"column":22},"end":{"line":11,"column":56}}},"4":{"name":"(anonymous_4)","line":18,"loc":{"start":{"line":18,"column":64},"end":{"line":18,"column":76}}}},"statementMap":{"1":{"start":{"line":3,"column":0},"end":{"line":27,"column":3}},"2":{"start":{"line":5,"column":2},"end":{"line":5,"column":36}},"3":{"start":{"line":7,"column":2},"end":{"line":25,"column":5}},"4":{"start":{"line":9,"column":4},"end":{"line":9,"column":32}},"5":{"start":{"line":11,"column":4},"end":{"line":16,"column":8}},"6":{"start":{"line":12,"column":6},"end":{"line":12,"column":32}},"7":{"start":{"line":13,"column":6},"end":{"line":15,"column":9}},"8":{"start":{"line":18,"column":4},"end":{"line":23,"column":7}},"9":{"start":{"line":19,"column":6},"end":{"line":19,"column":33}},"10":{"start":{"line":21,"column":6},"end":{"line":21,"column":45}},"11":{"start":{"line":22,"column":6},"end":{"line":22,"column":61}}},"branchMap":{},"l":{"3":1,"5":1,"7":1,"9":1,"11":1,"12":1,"13":1,"18":1,"19":1,"21":1,"22":1}},
"/Users/geatz/Documents/development/yesno/angular1.6.1/app/view2/view2.js":{"path":"/Users/geatz/Documents/development/yesno/angular1.6.1/app/view2/view2.js","s":{"1":1,"2":1},"b":{},"f":{"1":1},"fnMap":{"1":{"name":"(anonymous_1)","line":5,"loc":{"start":{"line":5,"column":26},"end":{"line":5,"column":37}}}},"statementMap":{"1":{"start":{"line":3,"column":0},"end":{"line":8,"column":4}},"2":{"start":{"line":6,"column":2},"end":{"line":6,"column":36}}},"branchMap":{},"l":{"3":1,"6":1}},
"/Users/geatz/Documents/development/yesno/angular1.6.1/app/view2/view2_test.js":{"path":"/Users/geatz/Documents/development/yesno/angular1.6.1/app/view2/view2_test.js","s":{"1":1,"2":1,"3":1,"4":1,"5":1,"6":1,"7":1,"8":1,"9":1},"b":{},"f":{"1":1,"2":1,"3":1,"4":1},"fnMap":{"1":{"name":"(anonymous_1)","line":3,"loc":{"start":{"line":3,"column":32},"end":{"line":3,"column":43}}},"2":{"name":"(anonymous_2)","line":7,"loc":{"start":{"line":7,"column":36},"end":{"line":7,"column":46}}},"3":{"name":"(anonymous_3)","line":11,"loc":{"start":{"line":11,"column":22},"end":{"line":11,"column":44}}},"4":{"name":"(anonymous_4)","line":15,"loc":{"start":{"line":15,"column":29},"end":{"line":15,"column":41}}}},"statementMap":{"1":{"start":{"line":3,"column":0},"end":{"line":23,"column":3}},"2":{"start":{"line":5,"column":2},"end":{"line":5,"column":36}},"3":{"start":{"line":7,"column":2},"end":{"line":21,"column":5}},"4":{"start":{"line":9,"column":4},"end":{"line":9,"column":13}},"5":{"start":{"line":11,"column":4},"end":{"line":13,"column":8}},"6":{"start":{"line":12,"column":6},"end":{"line":12,"column":38}},"7":{"start":{"line":15,"column":4},"end":{"line":19,"column":7}},"8":{"start":{"line":17,"column":6},"end":{"line":17,"column":33}},"9":{"start":{"line":18,"column":6},"end":{"line":18,"column":49}}},"branchMap":{},"l":{"3":1,"5":1,"7":1,"9":1,"11":1,"12":1,"15":1,"17":1,"18":1}}}
